::1 - - [27/Jul/2021:15:48:59 +0000] "GET /rent/bikes HTTP/1.1" 200 2 "-" "PostmanRuntime/7.26.8"
::1 - - [27/Jul/2021:16:47:55 +0000] "POST /rent/bikes/new HTTP/1.1" 400 219 "-" "PostmanRuntime/7.26.8"
::1 - - [28/Jul/2021:09:16:43 +0000] "POST /rent/bikes/new HTTP/1.1" 400 219 "-" "PostmanRuntime/7.26.8"
::1 - - [28/Jul/2021:09:17:09 +0000] "POST /rent/bikes/new HTTP/1.1" 400 219 "-" "PostmanRuntime/7.26.8"
::1 - - [28/Jul/2021:09:17:21 +0000] "POST /rent/bikes/new HTTP/1.1" 400 219 "-" "PostmanRuntime/7.26.8"
::1 - - [28/Jul/2021:09:24:43 +0000] "POST /rent/bikes/new HTTP/1.1" 400 219 "-" "PostmanRuntime/7.26.8"
::1 - - [28/Jul/2021:09:25:36 +0000] "POST /rent/bikes/new HTTP/1.1" 400 219 "-" "PostmanRuntime/7.26.8"
::1 - - [28/Jul/2021:09:47:26 +0000] "POST /rent/bikes/new HTTP/1.1" 400 237 "-" "PostmanRuntime/7.26.8"
::1 - - [28/Jul/2021:09:48:12 +0000] "POST /rent/bikes/new HTTP/1.1" 400 237 "-" "PostmanRuntime/7.26.8"
::1 - - [28/Jul/2021:09:50:26 +0000] "POST /rent/bikes/new HTTP/1.1" 201 102 "-" "PostmanRuntime/7.26.8"
::1 - - [28/Jul/2021:09:57:17 +0000] "POST /rent/bikes/new HTTP/1.1" 201 102 "-" "PostmanRuntime/7.26.8"
::1 - - [28/Jul/2021:09:57:20 +0000] "POST /rent/bikes/new HTTP/1.1" 201 102 "-" "PostmanRuntime/7.26.8"
::1 - - [28/Jul/2021:09:58:01 +0000] "POST /rent/bikes/new HTTP/1.1" 201 102 "-" "PostmanRuntime/7.26.8"
::1 - - [28/Jul/2021:09:58:20 +0000] "POST /rent/bikes/new HTTP/1.1" 201 102 "-" "PostmanRuntime/7.26.8"
::1 - - [28/Jul/2021:10:00:16 +0000] "POST /rent/bikes/new HTTP/1.1" 201 105 "-" "PostmanRuntime/7.26.8"
::1 - - [28/Jul/2021:10:00:40 +0000] "POST /rent/bikes/new HTTP/1.1" 201 105 "-" "PostmanRuntime/7.26.8"
::1 - - [28/Jul/2021:10:01:45 +0000] "POST /rent/bikes/new HTTP/1.1" 201 102 "-" "PostmanRuntime/7.26.8"
::1 - - [28/Jul/2021:10:03:57 +0000] "POST /rent/bikes/delete/6101286261d8d0aa1d71aaec HTTP/1.1" 200 26 "-" "PostmanRuntime/7.26.8"
::1 - - [28/Jul/2021:10:12:37 +0000] "POST /auth/register HTTP/1.1" 201 174 "-" "PostmanRuntime/7.26.8"
::1 - - [28/Jul/2021:10:12:50 +0000] "POST /auth/register HTTP/1.1" 201 175 "-" "PostmanRuntime/7.26.8"
::1 - - [28/Jul/2021:10:23:25 +0000] "POST //current-rent/61012d95865433ab29dc2804 HTTP/1.1" 404 178 "-" "PostmanRuntime/7.26.8"
::1 - - [28/Jul/2021:10:23:48 +0000] "GET //current-rent/61012d95865433ab29dc2804 HTTP/1.1" 404 177 "-" "PostmanRuntime/7.26.8"
::1 - - [28/Jul/2021:10:23:56 +0000] "GET /current-rent/61012d95865433ab29dc2804 HTTP/1.1" 404 176 "-" "PostmanRuntime/7.26.8"
::1 - - [28/Jul/2021:10:24:04 +0000] "GET /current-rent/61012d95865433ab29dc2804 HTTP/1.1" 404 176 "-" "PostmanRuntime/7.26.8"
::1 - - [28/Jul/2021:10:24:42 +0000] "GET /current-rent/61012d95865433ab29dc2804 HTTP/1.1" 404 176 "-" "PostmanRuntime/7.26.8"
::1 - - [28/Jul/2021:10:25:13 +0000] "GET /rent/current/61012d95865433ab29dc2804 HTTP/1.1" 200 186 "-" "PostmanRuntime/7.26.8"
::1 - - [28/Jul/2021:10:25:43 +0000] "GET /rent/current-rent/61012d95865433ab29dc2804 HTTP/1.1" 200 186 "-" "PostmanRuntime/7.26.8"
::1 - - [28/Jul/2021:10:26:29 +0000] "GET /rent/current-rent/61012d95865433ab29dc2804 HTTP/1.1" 404 181 "-" "PostmanRuntime/7.26.8"
::1 - - [28/Jul/2021:10:26:41 +0000] "GET /rent/current/61012d95865433ab29dc2804 HTTP/1.1" 200 186 "-" "PostmanRuntime/7.26.8"
::1 - - [28/Jul/2021:10:27:13 +0000] "GET /rent/current/61012d95865433ab29dc2804 HTTP/1.1" 200 2 "-" "PostmanRuntime/7.26.8"
::1 - - [28/Jul/2021:10:29:29 +0000] "GET /rent/current/61012d95865433ab29dc2804 HTTP/1.1" 200 2 "-" "PostmanRuntime/7.26.8"
::1 - - [28/Jul/2021:10:31:25 +0000] "POST /auth/register HTTP/1.1" 400 333 "-" "PostmanRuntime/7.26.8"
::1 - - [28/Jul/2021:13:30:53 +0000] "POST /auth/register HTTP/1.1" 201 176 "-" "PostmanRuntime/7.26.8"
::1 - - [28/Jul/2021:13:33:27 +0000] "POST /auth/login HTTP/1.1" 201 165 "-" "PostmanRuntime/7.26.8"
::1 - - [28/Jul/2021:13:48:38 +0000] "GET /rent/bikes/new-rent/ HTTP/1.1" 404 159 "-" "PostmanRuntime/7.26.8"
::1 - - [28/Jul/2021:13:49:19 +0000] "GET /rent/bikes/new-rent/ HTTP/1.1" 404 159 "-" "PostmanRuntime/7.26.8"
::1 - - [28/Jul/2021:13:49:40 +0000] "GET /rent/bikes/new-rent/61015c0da05bd6ac243467ab HTTP/1.1" 404 183 "-" "PostmanRuntime/7.26.8"
::1 - - [28/Jul/2021:13:49:55 +0000] "POST /rent/bikes/new-rent/61015c0da05bd6ac243467ab HTTP/1.1" 200 26 "-" "PostmanRuntime/7.26.8"
::1 - - [28/Jul/2021:14:03:17 +0000] "POST /rent/bikes/new-rent/61015c0da05bd6ac243467ab HTTP/1.1" - - "-" "PostmanRuntime/7.26.8"
::1 - - [28/Jul/2021:14:07:13 +0000] "POST /rent/bikes/new-rent/61015c0da05bd6ac243467ab HTTP/1.1" 200 519 "-" "PostmanRuntime/7.26.8"
::1 - - [28/Jul/2021:14:24:44 +0000] "POST /rent/bikes/new-rent/61015c0da05bd6ac243467ab HTTP/1.1" 200 546 "-" "PostmanRuntime/7.26.8"
::1 - - [28/Jul/2021:14:25:22 +0000] "POST /rent/bikes/new-rent/61015c0da05bd6ac243467ab HTTP/1.1" 200 551 "-" "PostmanRuntime/7.26.8"
::1 - - [28/Jul/2021:14:25:58 +0000] "POST /rent/bikes/new-rent/61015c0da05bd6ac243467ab HTTP/1.1" 200 578 "-" "PostmanRuntime/7.26.8"
::1 - - [28/Jul/2021:14:26:12 +0000] "POST /rent/bikes/new-rent/61015c0da05bd6ac243467ab HTTP/1.1" 200 605 "-" "PostmanRuntime/7.26.8"
::1 - - [28/Jul/2021:14:26:29 +0000] "POST /rent/bikes/new-rent/61015c0da05bd6ac243467ab HTTP/1.1" 200 611 "-" "PostmanRuntime/7.26.8"
::1 - - [28/Jul/2021:14:27:21 +0000] "POST /rent/bikes/new-rent/61015c0da05bd6ac243467ab HTTP/1.1" 200 617 "-" "PostmanRuntime/7.26.8"
::1 - - [28/Jul/2021:14:27:27 +0000] "POST /rent/bikes/new-rent/61015c0da05bd6ac243467ab HTTP/1.1" 200 617 "-" "PostmanRuntime/7.26.8"
::1 - - [28/Jul/2021:14:28:33 +0000] "POST /rent/bikes/new-rent/61015c0da05bd6ac243467ab HTTP/1.1" 200 466 "-" "PostmanRuntime/7.26.8"
::1 - - [28/Jul/2021:14:28:59 +0000] "POST /rent/bikes/new-rent/61015c0da05bd6ac243467ab HTTP/1.1" 200 466 "-" "PostmanRuntime/7.26.8"
::1 - - [28/Jul/2021:14:29:45 +0000] "POST /rent/bikes/new-rent/61015c0da05bd6ac243467ab HTTP/1.1" 200 466 "-" "PostmanRuntime/7.26.8"
::1 - - [28/Jul/2021:14:29:48 +0000] "POST /rent/bikes/new-rent/61015c0da05bd6ac243467ab HTTP/1.1" 200 492 "-" "PostmanRuntime/7.26.8"
::1 - - [28/Jul/2021:14:29:52 +0000] "POST /rent/bikes/new-rent/61015c0da05bd6ac243467ab HTTP/1.1" 200 498 "-" "PostmanRuntime/7.26.8"
::1 - - [28/Jul/2021:14:29:56 +0000] "POST /rent/bikes/new-rent/61015c0da05bd6ac243467ab HTTP/1.1" 200 504 "-" "PostmanRuntime/7.26.8"
::1 - - [28/Jul/2021:14:30:43 +0000] "POST /rent/bikes/new-rent/61015c0da05bd6ac243467ab HTTP/1.1" 200 492 "-" "PostmanRuntime/7.26.8"
::1 - - [28/Jul/2021:14:30:54 +0000] "POST /rent/bikes/new-rent/61015c0da05bd6ac243467ab HTTP/1.1" 200 498 "-" "PostmanRuntime/7.26.8"
::1 - - [28/Jul/2021:14:30:56 +0000] "POST /rent/bikes/new-rent/61015c0da05bd6ac243467ab HTTP/1.1" 200 504 "-" "PostmanRuntime/7.26.8"
::1 - - [28/Jul/2021:14:30:57 +0000] "POST /rent/bikes/new-rent/61015c0da05bd6ac243467ab HTTP/1.1" 200 510 "-" "PostmanRuntime/7.26.8"
::1 - - [28/Jul/2021:16:23:22 +0000] "POST /rent/bikes/new-rent/61015c0da05bd6ac243467ab HTTP/1.1" 200 516 "-" "PostmanRuntime/7.26.8"
::1 - - [28/Jul/2021:16:27:01 +0000] "POST /rent/bikes/new-rent/61015c0da05bd6ac243467ab HTTP/1.1" 200 492 "-" "PostmanRuntime/7.26.8"
::1 - - [28/Jul/2021:16:27:03 +0000] "POST /rent/bikes/new-rent/61015c0da05bd6ac243467ab HTTP/1.1" 200 492 "-" "PostmanRuntime/7.26.8"
::1 - - [28/Jul/2021:16:27:04 +0000] "POST /rent/bikes/new-rent/61015c0da05bd6ac243467ab HTTP/1.1" 200 492 "-" "PostmanRuntime/7.26.8"
::1 - - [28/Jul/2021:16:27:23 +0000] "POST /rent/bikes/new-rent/61015c0da05bd6ac243467ab HTTP/1.1" 200 394 "-" "PostmanRuntime/7.26.8"
::1 - - [28/Jul/2021:16:27:24 +0000] "POST /rent/bikes/new-rent/61015c0da05bd6ac243467ab HTTP/1.1" 200 421 "-" "PostmanRuntime/7.26.8"
::1 - - [28/Jul/2021:16:27:25 +0000] "POST /rent/bikes/new-rent/61015c0da05bd6ac243467ab HTTP/1.1" 200 421 "-" "PostmanRuntime/7.26.8"
::1 - - [28/Jul/2021:16:27:26 +0000] "POST /rent/bikes/new-rent/61015c0da05bd6ac243467ab HTTP/1.1" 200 421 "-" "PostmanRuntime/7.26.8"
::1 - - [28/Jul/2021:16:27:27 +0000] "POST /rent/bikes/new-rent/61015c0da05bd6ac243467ab HTTP/1.1" 200 421 "-" "PostmanRuntime/7.26.8"
::1 - - [28/Jul/2021:16:28:45 +0000] "POST /rent/bikes/new-rent/61015c0da05bd6ac243467ab HTTP/1.1" 200 421 "-" "PostmanRuntime/7.26.8"
::1 - - [28/Jul/2021:16:28:46 +0000] "POST /rent/bikes/new-rent/61015c0da05bd6ac243467ab HTTP/1.1" 200 421 "-" "PostmanRuntime/7.26.8"
::1 - - [28/Jul/2021:16:47:38 +0000] "POST /rent/bikes/new-rent/61015c0da05bd6ac243467ab HTTP/1.1" 200 421 "-" "PostmanRuntime/7.26.8"
::1 - - [28/Jul/2021:17:00:28 +0000] "POST /rent/current/cancel/61015c0da05bd6ac243467ab HTTP/1.1" 200 28 "-" "PostmanRuntime/7.26.8"
::1 - - [28/Jul/2021:17:01:47 +0000] "POST /rent/current/cancel/61015c0da05bd6ac243467ab HTTP/1.1" 200 28 "-" "PostmanRuntime/7.26.8"
::1 - - [28/Jul/2021:17:04:21 +0000] "POST /rent/current/cancel/61015c0da05bd6ac243467ab HTTP/1.1" 200 28 "-" "PostmanRuntime/7.26.8"
::1 - - [28/Jul/2021:17:04:29 +0000] "POST /rent/current/cancel/61015c0da05bd6ac243467ab HTTP/1.1" 200 28 "-" "PostmanRuntime/7.26.8"
